[2026-01-29 08:30:59 INFO: Server started on port 3000]
[2026-01-29 08:31:04 INFO: GET /]
[2026-01-29 08:31:04 ERROR: readJSON is not a function]
[2026-01-29 08:31:05 INFO: GET /]
[2026-01-29 08:31:05 ERROR: readJSON is not a function]
[2026-01-29 08:31:05 INFO: GET /favicon.ico]
[2026-01-29 09:53:39 INFO: Server started on port 3000]
[2026-01-29 09:53:45 INFO: GET /]
[2026-01-29 09:53:45 ERROR: renderTemplate is not defined]
[2026-01-29 09:53:46 INFO: GET /]
[2026-01-29 09:53:46 ERROR: renderTemplate is not defined]
[2026-01-29 09:55:03 INFO: Server started on port 3000]
[2026-01-29 09:55:06 INFO: GET /]
[2026-01-29 09:55:06 ERROR: fsPromises is not defined]
[2026-01-29 09:55:06 INFO: GET /]
[2026-01-29 09:55:06 ERROR: fsPromises is not defined]
[2026-01-29 09:55:56 INFO: Server started on port 3000]
[2026-01-29 09:55:59 INFO: GET /]
[2026-01-29 10:00:44 INFO: Server started on port 3000]
[2026-01-29 10:00:49 INFO: GET /]
[2026-01-29 10:00:53 INFO: GET /films]
[2026-01-29 10:00:53 ERROR: Cannot read properties of undefined (reading 'map')]
[2026-01-29 10:01:39 INFO: Server started on port 3000]
[2026-01-29 10:01:40 INFO: GET /films]
[2026-01-29 10:01:40 ERROR: fsPromises is not defined]
[2026-01-29 10:01:40 INFO: GET /.well-known/appspecific/com.chrome.devtools.json]
[2026-01-29 10:01:41 INFO: GET /films]
[2026-01-29 10:01:41 ERROR: fsPromises is not defined]
[2026-01-29 10:02:02 INFO: Server started on port 3000]
[2026-01-29 10:02:02 INFO: GET /.well-known/appspecific/com.chrome.devtools.json]
[2026-01-29 10:02:03 INFO: GET /films]
[2026-01-29 10:02:03 ERROR: fsPromises is not defined]
[2026-01-29 10:02:08 INFO: GET /]
[2026-01-29 10:02:14 INFO: GET /films]
[2026-01-29 10:02:14 ERROR: fsPromises is not defined]
[2026-01-29 10:02:36 INFO: Server started on port 3000]
[2026-01-29 10:02:36 INFO: GET /.well-known/appspecific/com.chrome.devtools.json]
[2026-01-29 10:02:37 INFO: GET /films]
[2026-01-29 10:02:37 ERROR: fsPromises is not defined]
[2026-01-29 10:03:19 INFO: Server started on port 3000]
[2026-01-29 10:03:20 INFO: GET /films]
[2026-01-29 10:03:20 ERROR: fsPromises is not defined]
[2026-01-29 10:03:20 INFO: GET /.well-known/appspecific/com.chrome.devtools.json]
[2026-01-29 10:03:21 INFO: GET /films]
[2026-01-29 10:03:21 ERROR: fsPromises is not defined]
[2026-01-29 10:03:22 INFO: GET /films]
[2026-01-29 10:03:22 ERROR: fsPromises is not defined]
[2026-01-29 10:04:21 INFO: Server started on port 3000]
[2026-01-29 10:04:23 INFO: GET /films]
[2026-01-29 10:04:23 ERROR: films is not defined]
[2026-01-29 10:04:23 INFO: GET /.well-known/appspecific/com.chrome.devtools.json]
[2026-01-29 10:04:24 INFO: GET /films]
[2026-01-29 10:04:24 ERROR: films is not defined]
[2026-01-29 10:04:29 INFO: GET /]
[2026-01-29 10:04:34 INFO: GET /films]
[2026-01-29 10:04:34 ERROR: films is not defined]
[2026-01-29 10:05:26 INFO: Server started on port 3000]
[2026-01-29 10:05:26 INFO: GET /.well-known/appspecific/com.chrome.devtools.json]
[2026-01-29 10:05:27 INFO: GET /films]
[2026-01-29 10:05:27 ERROR: films is not defined]
[2026-01-29 10:05:30 INFO: GET /]
[2026-01-29 10:05:32 INFO: GET /]
[2026-01-29 10:06:40 INFO: Server started on port 3000]
[2026-01-29 10:06:40 INFO: GET /.well-known/appspecific/com.chrome.devtools.json]
[2026-01-29 10:06:41 INFO: GET /]
[2026-01-29 10:06:44 INFO: GET /films]
[2026-01-29 10:06:55 INFO: GET /.well-known/appspecific/com.chrome.devtools.json]
[2026-01-29 10:11:08 INFO: Server started on port 3000]
[2026-01-29 10:11:10 INFO: GET /films]
[2026-01-29 10:11:11 INFO: GET /films/1]
[2026-01-29 10:11:12 INFO: GET /films/1]
[2026-01-29 10:11:13 INFO: GET /films/1]
[2026-01-29 10:11:13 INFO: GET /films/1]
[2026-01-29 10:11:13 INFO: GET /films/1]
[2026-01-29 10:11:18 INFO: GET /films/1]
[2026-01-29 10:11:20 INFO: GET /films/1]
[2026-01-29 10:11:32 INFO: GET /films/1]
[2026-01-29 10:12:28 INFO: Server started on port 3000]
[2026-01-29 10:12:31 INFO: GET /films/1]
[2026-01-29 10:12:32 INFO: GET /films]
[2026-01-29 10:12:33 INFO: GET /]
[2026-01-29 10:12:36 INFO: GET /films]
[2026-01-29 10:12:39 INFO: GET /films/2]
[2026-01-29 10:13:28 INFO: Server started on port 3000]
[2026-01-29 10:13:29 INFO: GET /films/2]
[2026-01-29 10:13:29 EVENT: filmViewed - Film Inception 2]
[2026-01-29 10:13:38 INFO: GET /films/2]
[2026-01-29 10:13:38 EVENT: filmViewed - Film Inception 2]
[2026-01-29 10:14:03 INFO: Server started on port 3000]
[2026-01-29 10:14:04 INFO: GET /films/2]
[2026-01-29 10:14:04 EVENT: filmViewed - Film Inception 2]
[2026-01-29 10:14:07 INFO: GET /films/3]
[2026-01-29 10:14:07 EVENT: filmViewed - Film Inception 3]
[2026-01-29 10:15:52 INFO: Server started on port 3000]
[2026-01-29 10:15:56 INFO: GET /films]
[2026-01-29 10:15:58 INFO: GET /admin]
[2026-01-29 10:16:00 INFO: GET /api/films]
[2026-01-29 10:21:41 INFO: Server started on port 3000]
[2026-01-29 10:21:47 INFO: GET /]
[2026-01-29 10:21:53 INFO: GET /reports/export]
[2026-01-29 10:22:38 INFO: Server started on port 3000]
[2026-01-29 10:22:40 INFO: GET /reports/export]
[2026-01-29 10:22:47 INFO: GET /films]
[2026-01-29 10:26:24 INFO: Server started on port 3000]
[2026-01-29 10:26:34 INFO: GET /admin]
[2026-01-29 10:26:36 INFO: GET /api/stats]
[2026-01-31 16:05:25 INFO: Server started on port 3000]
[2026-01-31 16:05:33 INFO: GET /]
[2026-01-31 16:05:33 INFO: GET /favicon.ico]
[2026-01-31 16:13:25 INFO: Server started on port 3000]
[2026-01-31 16:13:30 INFO: GET /]
[2026-01-31 16:13:34 INFO: GET /reports/export]
[2026-01-31 16:16:09 INFO: GET /reports/export]
[2026-01-31 16:17:28 INFO: GET /films]
[2026-01-31 16:17:31 INFO: GET /films/1]
[2026-01-31 16:17:31 EVENT: filmViewed - Film Inception]
[2026-01-31 16:18:23 INFO: GET /reports/export]
[2026-01-31 17:09:57 INFO: Server started on port 3000]
[2026-01-31 17:09:58 INFO: GET /]
[2026-01-31 17:10:05 INFO: GET /reports/export]
[2026-01-31 17:10:05 EVENT: reportsGenerated - File: films-export.txt]
